\BOOKMARK [1][-]{section.1}{\376\377\000E\000d\000u\000c\000a\000t\000i\000o\000n}{}% 1
\BOOKMARK [2][-]{subsection.1.1}{\376\377\000K\000I\000E\000T\000\040\000G\000r\000o\000u\000p\000\040\000o\000f\000\040\000I\000n\000s\000t\000i\000t\000u\000t\000i\000o\000n\000s\000\040\000D\000e\000c\000\040\0002\0000\0002\0000\000\040\000-\000\040\000J\000u\000n\000e\000\040\0002\0000\0002\0004}{section.1}% 2
\BOOKMARK [2][-]{subsection.1.2}{\376\377\000R\000a\000n\000i\000\040\000L\000a\000x\000m\000i\000\040\000B\000a\000i\000\040\000M\000e\000m\000o\000r\000i\000a\000l\000\040\000S\000c\000h\000o\000o\000l\000\040\000J\000u\000n\000e\000\040\0002\0000\0001\0007\000\040\000-\000\040\000J\000u\000n\000e\000\040\0002\0000\0001\0009}{section.1}% 3
\BOOKMARK [1][-]{section.2}{\376\377\000P\000r\000o\000j\000e\000c\000t\000s}{}% 4
\BOOKMARK [2][-]{subsection.2.1}{\376\377\000S\000o\000r\000t\000i\000n\000g\000\040\000V\000i\000s\000u\000a\000l\000i\000z\000e\000r}{section.2}% 5
\BOOKMARK [2][-]{subsection.2.2}{\376\377\000P\000o\000r\000t\000f\000o\000l\000i\000o\000\040\000W\000e\000b\000s\000i\000t\000e}{section.2}% 6
\BOOKMARK [2][-]{subsection.2.3}{\376\377\000P\000e\000r\000s\000o\000n\000a\000l\000\040\000I\000n\000f\000o\000r\000m\000a\000t\000i\000o\000n\000\040\000M\000a\000n\000a\000g\000e\000r}{section.2}% 7
\BOOKMARK [1][-]{section.3}{\376\377\000T\000e\000c\000h\000n\000i\000c\000a\000l\000\040\000S\000k\000i\000l\000l\000s}{}% 8
\BOOKMARK [2][-]{subsection.3.1}{\376\377\000L\000a\000n\000g\000u\000a\000g\000e\000s}{section.3}% 9
\BOOKMARK [2][-]{subsection.3.2}{\376\377\000F\000r\000a\000m\000e\000w\000o\000r\000k\000s}{section.3}% 10
\BOOKMARK [2][-]{subsection.3.3}{\376\377\000D\000e\000v\000e\000l\000o\000p\000e\000r\000\040\000T\000o\000o\000l\000s}{section.3}% 11
\BOOKMARK [2][-]{subsection.3.4}{\376\377\000O\000t\000h\000e\000r}{section.3}% 12
\BOOKMARK [1][-]{section.4}{\376\377\000A\000c\000h\000i\000e\000v\000e\000m\000e\000n\000t\000s\000\040\000a\000n\000d\000\040\000A\000w\000a\000r\000d\000s}{}% 13
\BOOKMARK [2][-]{subsection.4.1}{}{section.4}% 14
\BOOKMARK [2][-]{subsection.4.2}{}{section.4}% 15
\BOOKMARK [2][-]{subsection.4.3}{}{section.4}% 16
\BOOKMARK [2][-]{subsection.4.4}{}{section.4}% 17
\BOOKMARK [2][-]{subsection.4.5}{}{section.4}% 18
\BOOKMARK [1][-]{section.5}{\376\377\000L\000i\000n\000k\000s}{}% 19
\BOOKMARK [2][-]{subsection.5.1}{}{section.5}% 20
\BOOKMARK [2][-]{subsection.5.2}{}{section.5}% 21
\BOOKMARK [2][-]{subsection.5.3}{}{section.5}% 22
\BOOKMARK [2][-]{subsection.5.4}{}{section.5}% 23
\BOOKMARK [1][-]{section.6}{\376\377\000O\000t\000h\000e\000r}{}% 24
\BOOKMARK [2][-]{subsection.6.1}{}{section.6}% 25
\BOOKMARK [2][-]{subsection.6.2}{}{section.6}% 26
